<?xml version="1.0"?>
<!--
  ~ Licensed to the Apache Software Foundation (ASF) under one
  ~ or more contributor license agreements.  See the NOTICE file
  ~ distributed with this work for additional information
  ~ regarding copyright ownership.  The ASF licenses this file
  ~ to you under the Apache License, Version 2.0 (the
  ~ "License"); you may not use this file except in compliance
  ~ with the License.  You may obtain a copy of the License at
  ~
  ~   http://www.apache.org/licenses/LICENSE-2.0
  ~
  ~ Unless required by applicable law or agreed to in writing,
  ~ software distributed under the License is distributed on an
  ~ "AS IS" BASIS, WITHOUT WARRANTIES OR CONDITIONS OF ANY
  ~ KIND, either express or implied.  See the License for the
  ~ specific language governing permissions and limitations
  ~ under the License.
  ~
  ~ Copyright (c) $year
  ~ Date: 24/2/19 8:55 PM
  ~ Subho Ghosh (subho dot ghosh at outlook.com)
  ~
  -->

<configuration>
    <river>
        <properties>
            <name>prop1</name>
            <name1>prop2</name1>
        </properties>
        <type>
            <queue name="DEMO">
                <subscriber class="Test">
                    <replace>BB${name}AA${name1}CC${PROP}</replace>
                </subscriber>
            </queue>
            <include file="src/test/resources/test-include-config.xml"
                     root="/configuration/included"/>
        </type>
    </river>
</configuration>